{"message":"      {\"status\":404,\"message\":\"Not Found\"}","level":"\u001b[31m\u001b[31m\u001b[31merror\u001b[31m\u001b[31m\u001b[39m"}
{"message":"        {\"url\":\"/boards/767d3954-cfae-4306-aed2-00e2bb41e606\",\"params\":{},\"body\":{}}","level":"\u001b[32m\u001b[32m\u001b[32minfo\u001b[32m\u001b[32m\u001b[39m"}
{"message":"      {\"status\":404,\"message\":\"Not Found\"}","level":"\u001b[31m\u001b[31m\u001b[31merror\u001b[31m\u001b[31m\u001b[39m"}
{"message":"        {\"url\":\"/boards/d056e094-05d1-4558-b651-b5d84c7ce9c8/tasks/05f5a12f-f9f9-4a2f-aea8-90889161c8e3\",\"params\":{},\"body\":{}}","level":"\u001b[32m\u001b[32m\u001b[32minfo\u001b[32m\u001b[32m\u001b[39m"}
{"message":"      {\"status\":404,\"message\":\"Not Found\"}","level":"\u001b[31m\u001b[31m\u001b[31merror\u001b[31m\u001b[31m\u001b[39m"}
{"message":"        {\"url\":\"/boards/d056e094-05d1-4558-b651-b5d84c7ce9c8/tasks/5c6a822a-a2f8-4b88-93c0-69bae4ab28a5\",\"params\":{},\"body\":{}}","level":"\u001b[32m\u001b[32m\u001b[32minfo\u001b[32m\u001b[32m\u001b[39m"}
{"message":"      {\"status\":404,\"message\":\"Not Found\"}","level":"\u001b[31m\u001b[31m\u001b[31merror\u001b[31m\u001b[31m\u001b[39m"}
{"message":"        {\"url\":\"/boards/d056e094-05d1-4558-b651-b5d84c7ce9c8/tasks/0f84e99c-63c3-48b5-9e8a-488e958de5de\",\"params\":{},\"body\":{}}","level":"\u001b[32m\u001b[32m\u001b[32minfo\u001b[32m\u001b[32m\u001b[39m"}
{"message":"      {\"status\":404,\"message\":\"Not Found\"}","level":"\u001b[31m\u001b[31m\u001b[31merror\u001b[31m\u001b[31m\u001b[39m"}
{"message":"        {\"url\":\"/boards/d056e094-05d1-4558-b651-b5d84c7ce9c8/tasks/272b8499-819e-45ef-9caa-8076e698e3c2\",\"params\":{},\"body\":{}}","level":"\u001b[32m\u001b[32m\u001b[32minfo\u001b[32m\u001b[32m\u001b[39m"}
{"message":"      {\"status\":404,\"message\":\"Not Found\"}","level":"\u001b[31m\u001b[31m\u001b[31merror\u001b[31m\u001b[31m\u001b[39m"}
{"message":"        {\"url\":\"/boards/d056e094-05d1-4558-b651-b5d84c7ce9c8/tasks/69e20ff6-8e2e-45c9-a5af-a5ec658c396b\",\"params\":{},\"body\":{}}","level":"\u001b[32m\u001b[32m\u001b[32minfo\u001b[32m\u001b[32m\u001b[39m"}
{"message":"      {\"status\":404,\"message\":\"Not Found\"}","level":"\u001b[31m\u001b[31m\u001b[31merror\u001b[31m\u001b[31m\u001b[39m"}
{"message":"        {\"url\":\"/boards/879a84a5-f7a0-4461-8dc9-546ad882e666/tasks/2e9ff402-e2e2-4295-b3c1-fc91f3b648b8\",\"params\":{},\"body\":{}}","level":"\u001b[32m\u001b[32m\u001b[32minfo\u001b[32m\u001b[32m\u001b[39m"}
{"message":"      {\"status\":500,\"message\":\"Internal Server Error\"}","level":"\u001b[31m\u001b[31m\u001b[31merror\u001b[31m\u001b[31m\u001b[39m"}
{"message":"      unhandledRejection: Error [ERR_HTTP_HEADERS_SENT]: Cannot set headers after they are sent to the client","level":"\u001b[31m\u001b[31m\u001b[31merror\u001b[31m\u001b[31m\u001b[39m"}
{"message":"      {\"status\":500,\"message\":\"Internal Server Error\"}","level":"\u001b[31m\u001b[31m\u001b[31merror\u001b[31m\u001b[31m\u001b[39m"}
{"message":"      unhandledRejection: Error [ERR_HTTP_HEADERS_SENT]: Cannot set headers after they are sent to the client","level":"\u001b[31m\u001b[31m\u001b[31merror\u001b[31m\u001b[31m\u001b[39m"}
{"message":"      {\"status\":500,\"message\":\"Internal Server Error\"}","level":"\u001b[31m\u001b[31m\u001b[31merror\u001b[31m\u001b[31m\u001b[39m"}
{"message":"      unhandledRejection: Error [ERR_HTTP_HEADERS_SENT]: Cannot set headers after they are sent to the client","level":"\u001b[31m\u001b[31m\u001b[31merror\u001b[31m\u001b[31m\u001b[39m"}
{"message":"      {\"status\":500,\"message\":\"Internal Server Error\"}","level":"\u001b[31m\u001b[31m\u001b[31merror\u001b[31m\u001b[31m\u001b[39m"}
{"message":"      unhandledRejection: Error [ERR_HTTP_HEADERS_SENT]: Cannot set headers after they are sent to the client","level":"\u001b[31m\u001b[31m\u001b[31merror\u001b[31m\u001b[31m\u001b[39m"}
{"message":"      {\"status\":500,\"message\":\"Internal Server Error\"}","level":"\u001b[31m\u001b[31m\u001b[31merror\u001b[31m\u001b[31m\u001b[39m"}
{"message":"      unhandledRejection: Error [ERR_HTTP_HEADERS_SENT]: Cannot set headers after they are sent to the client","level":"\u001b[31m\u001b[31m\u001b[31merror\u001b[31m\u001b[31m\u001b[39m"}
{"message":"      unhandledRejection: Error","level":"\u001b[31m\u001b[31m\u001b[31merror\u001b[31m\u001b[31m\u001b[39m"}
{"message":"      unhandledRejection: Error","level":"\u001b[31m\u001b[31m\u001b[31merror\u001b[31m\u001b[31m\u001b[39m"}
{"message":"      unhandledRejection: Error","level":"\u001b[31m\u001b[31m\u001b[31merror\u001b[31m\u001b[31m\u001b[39m"}
{"message":"      unhandledRejection: Error","level":"\u001b[31m\u001b[31m\u001b[31merror\u001b[31m\u001b[31m\u001b[39m"}
{"message":"      unhandledRejection: Error","level":"\u001b[31m\u001b[31m\u001b[31merror\u001b[31m\u001b[31m\u001b[39m"}
{"message":"      unhandledRejection: Error","level":"\u001b[31m\u001b[31m\u001b[31merror\u001b[31m\u001b[31m\u001b[39m"}
{"message":"      unhandledRejection: Error [ERR_HTTP_HEADERS_SENT]: Cannot set headers after they are sent to the client","level":"\u001b[31m\u001b[31m\u001b[31merror\u001b[31m\u001b[31m\u001b[39m"}
{"message":"      unhandledRejection: Error [ERR_HTTP_HEADERS_SENT]: Cannot set headers after they are sent to the client","level":"\u001b[31m\u001b[31m\u001b[31merror\u001b[31m\u001b[31m\u001b[39m"}
{"message":"      unhandledRejection: Error [ERR_HTTP_HEADERS_SENT]: Cannot set headers after they are sent to the client","level":"\u001b[31m\u001b[31m\u001b[31merror\u001b[31m\u001b[31m\u001b[39m"}
{"message":"      unhandledRejection: Error [ERR_HTTP_HEADERS_SENT]: Cannot set headers after they are sent to the client","level":"\u001b[31m\u001b[31m\u001b[31merror\u001b[31m\u001b[31m\u001b[39m"}
{"message":"      unhandledRejection: Error [ERR_HTTP_HEADERS_SENT]: Cannot set headers after they are sent to the client","level":"\u001b[31m\u001b[31m\u001b[31merror\u001b[31m\u001b[31m\u001b[39m"}
{"message":"      unhandledRejection: Error","level":"\u001b[31m\u001b[31m\u001b[31merror\u001b[31m\u001b[31m\u001b[39m"}
{"message":"      {\"status\":404,\"message\":\"Not Found\"}","level":"\u001b[31m\u001b[31m\u001b[31merror\u001b[31m\u001b[31m\u001b[39m"}
{"message":"        {\"url\":\"/boards/eb489f4b-8da7-4fdf-aaae-2ff0b0266ac8\",\"params\":{},\"body\":{}}","level":"\u001b[32m\u001b[32m\u001b[32minfo\u001b[32m\u001b[32m\u001b[39m"}
{"message":"      {\"status\":404,\"message\":\"Not Found\"}","level":"\u001b[31m\u001b[31m\u001b[31merror\u001b[31m\u001b[31m\u001b[39m"}
{"message":"        {\"url\":\"/boards/eeedf1b1-fd69-4025-84e0-f245daa16ada/tasks/6871c839-c5f4-4971-beb2-e65b9691c31b\",\"params\":{},\"body\":{}}","level":"\u001b[32m\u001b[32m\u001b[32minfo\u001b[32m\u001b[32m\u001b[39m"}
{"message":"      {\"status\":404,\"message\":\"Not Found\"}","level":"\u001b[31m\u001b[31m\u001b[31merror\u001b[31m\u001b[31m\u001b[39m"}
{"message":"        {\"url\":\"/boards/eeedf1b1-fd69-4025-84e0-f245daa16ada/tasks/0b67fdb6-1c7c-4d5d-9078-733c28110192\",\"params\":{},\"body\":{}}","level":"\u001b[32m\u001b[32m\u001b[32minfo\u001b[32m\u001b[32m\u001b[39m"}
{"message":"      {\"status\":404,\"message\":\"Not Found\"}","level":"\u001b[31m\u001b[31m\u001b[31merror\u001b[31m\u001b[31m\u001b[39m"}
{"message":"        {\"url\":\"/boards/eeedf1b1-fd69-4025-84e0-f245daa16ada/tasks/a2a5deb1-9c0f-4aff-a484-2ecbdeeb2c44\",\"params\":{},\"body\":{}}","level":"\u001b[32m\u001b[32m\u001b[32minfo\u001b[32m\u001b[32m\u001b[39m"}
{"message":"      {\"status\":404,\"message\":\"Not Found\"}","level":"\u001b[31m\u001b[31m\u001b[31merror\u001b[31m\u001b[31m\u001b[39m"}
{"message":"        {\"url\":\"/boards/eeedf1b1-fd69-4025-84e0-f245daa16ada/tasks/4a0d9593-9e2e-4c67-93f7-aa127a8bd128\",\"params\":{},\"body\":{}}","level":"\u001b[32m\u001b[32m\u001b[32minfo\u001b[32m\u001b[32m\u001b[39m"}
{"message":"      {\"status\":404,\"message\":\"Not Found\"}","level":"\u001b[31m\u001b[31m\u001b[31merror\u001b[31m\u001b[31m\u001b[39m"}
{"message":"        {\"url\":\"/boards/eeedf1b1-fd69-4025-84e0-f245daa16ada/tasks/8327725b-ee6a-4402-9509-7e826369aa76\",\"params\":{},\"body\":{}}","level":"\u001b[32m\u001b[32m\u001b[32minfo\u001b[32m\u001b[32m\u001b[39m"}
{"message":"      {\"status\":404,\"message\":\"Not Found\"}","level":"\u001b[31m\u001b[31m\u001b[31merror\u001b[31m\u001b[31m\u001b[39m"}
{"message":"        {\"url\":\"/boards/beff07af-f19b-47a4-9bc0-622552658c38/tasks/0ff2b0bb-84f1-43d4-b28e-56dfab8e32a4\",\"params\":{},\"body\":{}}","level":"\u001b[32m\u001b[32m\u001b[32minfo\u001b[32m\u001b[32m\u001b[39m"}
{"message":"      {\"status\":500,\"message\":\"Internal Server Error\"}","level":"\u001b[31m\u001b[31m\u001b[31merror\u001b[31m\u001b[31m\u001b[39m"}
{"message":"      unhandledRejection: Error [ERR_HTTP_HEADERS_SENT]: Cannot set headers after they are sent to the client","level":"\u001b[31m\u001b[31m\u001b[31merror\u001b[31m\u001b[31m\u001b[39m"}
{"message":"      {\"status\":500,\"message\":\"Internal Server Error\"}","level":"\u001b[31m\u001b[31m\u001b[31merror\u001b[31m\u001b[31m\u001b[39m"}
{"message":"      unhandledRejection: Error [ERR_HTTP_HEADERS_SENT]: Cannot set headers after they are sent to the client","level":"\u001b[31m\u001b[31m\u001b[31merror\u001b[31m\u001b[31m\u001b[39m"}
{"message":"      {\"status\":500,\"message\":\"Internal Server Error\"}","level":"\u001b[31m\u001b[31m\u001b[31merror\u001b[31m\u001b[31m\u001b[39m"}
{"message":"      unhandledRejection: Error [ERR_HTTP_HEADERS_SENT]: Cannot set headers after they are sent to the client","level":"\u001b[31m\u001b[31m\u001b[31merror\u001b[31m\u001b[31m\u001b[39m"}
{"message":"      {\"status\":500,\"message\":\"Internal Server Error\"}","level":"\u001b[31m\u001b[31m\u001b[31merror\u001b[31m\u001b[31m\u001b[39m"}
{"message":"      unhandledRejection: Error [ERR_HTTP_HEADERS_SENT]: Cannot set headers after they are sent to the client","level":"\u001b[31m\u001b[31m\u001b[31merror\u001b[31m\u001b[31m\u001b[39m"}
{"message":"      {\"status\":500,\"message\":\"Internal Server Error\"}","level":"\u001b[31m\u001b[31m\u001b[31merror\u001b[31m\u001b[31m\u001b[39m"}
{"message":"      unhandledRejection: Error [ERR_HTTP_HEADERS_SENT]: Cannot set headers after they are sent to the client","level":"\u001b[31m\u001b[31m\u001b[31merror\u001b[31m\u001b[31m\u001b[39m"}
{"message":"      {\"status\":404,\"message\":\"Not Found\"}","level":"\u001b[31m\u001b[31m\u001b[31merror\u001b[31m\u001b[31m\u001b[39m"}
{"message":"        {\"url\":\"/boards/24b74f4d-5f13-4e9a-bf8e-0c223ce42042\",\"params\":{},\"body\":{}}","level":"\u001b[32m\u001b[32m\u001b[32minfo\u001b[32m\u001b[32m\u001b[39m"}
{"message":"      {\"status\":404,\"message\":\"Not Found\"}","level":"\u001b[31m\u001b[31m\u001b[31merror\u001b[31m\u001b[31m\u001b[39m"}
{"message":"        {\"url\":\"/boards/0e67c778-3a6b-4524-82a5-e3a7652e29e1/tasks/509dab44-3f0b-4518-829c-b26429e44a31\",\"params\":{},\"body\":{}}","level":"\u001b[32m\u001b[32m\u001b[32minfo\u001b[32m\u001b[32m\u001b[39m"}
{"message":"      {\"status\":404,\"message\":\"Not Found\"}","level":"\u001b[31m\u001b[31m\u001b[31merror\u001b[31m\u001b[31m\u001b[39m"}
{"message":"        {\"url\":\"/boards/0e67c778-3a6b-4524-82a5-e3a7652e29e1/tasks/e14dd920-6598-43b0-a4f7-380dbf244587\",\"params\":{},\"body\":{}}","level":"\u001b[32m\u001b[32m\u001b[32minfo\u001b[32m\u001b[32m\u001b[39m"}
{"message":"      {\"status\":404,\"message\":\"Not Found\"}","level":"\u001b[31m\u001b[31m\u001b[31merror\u001b[31m\u001b[31m\u001b[39m"}
{"message":"        {\"url\":\"/boards/0e67c778-3a6b-4524-82a5-e3a7652e29e1/tasks/e32a87f0-a8a8-4300-b4e2-1bf10450d042\",\"params\":{},\"body\":{}}","level":"\u001b[32m\u001b[32m\u001b[32minfo\u001b[32m\u001b[32m\u001b[39m"}
{"message":"      {\"status\":404,\"message\":\"Not Found\"}","level":"\u001b[31m\u001b[31m\u001b[31merror\u001b[31m\u001b[31m\u001b[39m"}
{"message":"        {\"url\":\"/boards/0e67c778-3a6b-4524-82a5-e3a7652e29e1/tasks/66426840-b7d0-436d-9772-01725de8f7db\",\"params\":{},\"body\":{}}","level":"\u001b[32m\u001b[32m\u001b[32minfo\u001b[32m\u001b[32m\u001b[39m"}
{"message":"      {\"status\":404,\"message\":\"Not Found\"}","level":"\u001b[31m\u001b[31m\u001b[31merror\u001b[31m\u001b[31m\u001b[39m"}
{"message":"        {\"url\":\"/boards/0e67c778-3a6b-4524-82a5-e3a7652e29e1/tasks/5589d4bd-73f2-40a1-b237-b1f0a97a967c\",\"params\":{},\"body\":{}}","level":"\u001b[32m\u001b[32m\u001b[32minfo\u001b[32m\u001b[32m\u001b[39m"}
{"message":"      {\"status\":500,\"message\":\"Internal Server Error\"}","level":"\u001b[31m\u001b[31m\u001b[31merror\u001b[31m\u001b[31m\u001b[39m"}
{"message":"      unhandledRejection: Error [ERR_HTTP_HEADERS_SENT]: Cannot set headers after they are sent to the client","level":"\u001b[31m\u001b[31m\u001b[31merror\u001b[31m\u001b[31m\u001b[39m"}
{"message":"      {\"status\":500,\"message\":\"Internal Server Error\"}","level":"\u001b[31m\u001b[31m\u001b[31merror\u001b[31m\u001b[31m\u001b[39m"}
{"message":"      unhandledRejection: Error [ERR_HTTP_HEADERS_SENT]: Cannot set headers after they are sent to the client","level":"\u001b[31m\u001b[31m\u001b[31merror\u001b[31m\u001b[31m\u001b[39m"}
{"message":"      {\"status\":500,\"message\":\"Internal Server Error\"}","level":"\u001b[31m\u001b[31m\u001b[31merror\u001b[31m\u001b[31m\u001b[39m"}
{"message":"      unhandledRejection: Error [ERR_HTTP_HEADERS_SENT]: Cannot set headers after they are sent to the client","level":"\u001b[31m\u001b[31m\u001b[31merror\u001b[31m\u001b[31m\u001b[39m"}
{"message":"      {\"status\":500,\"message\":\"Internal Server Error\"}","level":"\u001b[31m\u001b[31m\u001b[31merror\u001b[31m\u001b[31m\u001b[39m"}
{"message":"      unhandledRejection: Error [ERR_HTTP_HEADERS_SENT]: Cannot set headers after they are sent to the client","level":"\u001b[31m\u001b[31m\u001b[31merror\u001b[31m\u001b[31m\u001b[39m"}
{"message":"      {\"status\":500,\"message\":\"Internal Server Error\"}","level":"\u001b[31m\u001b[31m\u001b[31merror\u001b[31m\u001b[31m\u001b[39m"}
{"message":"      unhandledRejection: Error [ERR_HTTP_HEADERS_SENT]: Cannot set headers after they are sent to the client","level":"\u001b[31m\u001b[31m\u001b[31merror\u001b[31m\u001b[31m\u001b[39m"}
{"message":"      {\"status\":404,\"message\":\"Not Found\"}","level":"\u001b[31m\u001b[31m\u001b[31merror\u001b[31m\u001b[31m\u001b[39m"}
{"message":"        {\"url\":\"/boards/6ef6b194-766a-4a80-894b-9647dbf10a74/tasks/262fbce9-27e4-4d10-8059-d6afac638d02\",\"params\":{},\"body\":{}}","level":"\u001b[32m\u001b[32m\u001b[32minfo\u001b[32m\u001b[32m\u001b[39m"}
